<?xml version="1.0" encoding="UTF-8"?>
<testng-results ignored="0" total="1" passed="1" failed="0" skipped="0">
  <reporter-output>
  </reporter-output>
  <suite started-at="2026-01-20T10:29:22 IST" name="Default suite" finished-at="2026-01-20T10:29:22 IST" duration-ms="54">
    <groups>
    </groups>
    <test started-at="2026-01-20T10:29:22 IST" name="Default test" finished-at="2026-01-20T10:29:22 IST" duration-ms="54">
      <class name="automation.jenkinpractice.LoginTest">
        <test-method signature="login()[pri:0, instance:automation.jenkinpractice.LoginTest@12468a38]" started-at="2026-01-20T10:29:22 IST" name="login" finished-at="2026-01-20T10:29:22 IST" duration-ms="8" status="PASS">
          <reporter-output>
          </reporter-output>
        </test-method> <!-- login -->
      </class> <!-- automation.jenkinpractice.LoginTest -->
    </test> <!-- Default test -->
  </suite> <!-- Default suite -->
</testng-results>
